#
# There is insufficient memory for the Java Runtime Environment to continue.
# Native memory allocation (malloc) failed to allocate 104656 bytes for Chunk::new
# Possible reasons:
#   The system is out of physical RAM or swap space
#   In 32 bit mode, the process size limit was hit
# Possible solutions:
#   Reduce memory load on the system
#   Increase physical memory or swap space
#   Check if swap backing store is full
#   Use 64 bit Java on a 64 bit OS
#   Decrease Java heap size (-Xmx/-Xms)
#   Decrease number of Java threads
#   Decrease Java thread stack sizes (-Xss)
#   Set larger code cache with -XX:ReservedCodeCacheSize=
# This output file may be truncated or incomplete.
#
#  Out of Memory Error (allocation.cpp:390), pid=12612, tid=0x0000000000001814
#
# JRE version: Java(TM) SE Runtime Environment (8.0_131-b11) (build 1.8.0_131-b11)
# Java VM: Java HotSpot(TM) 64-Bit Server VM (25.131-b11 mixed mode windows-amd64 compressed oops)
# Failed to write core dump. Minidumps are not enabled by default on client versions of Windows
#

---------------  T H R E A D  ---------------

Current thread (0x0000000019f10000):  JavaThread "C2 CompilerThread1" daemon [_thread_in_native, id=6164, stack(0x000000001b960000,0x000000001ba60000)]

Stack: [0x000000001b960000,0x000000001ba60000]
[error occurred during error reporting (printing stack bounds), id 0xc0000005]

Native frames: (J=compiled Java code, j=interpreted, Vv=VM code, C=native code)


Current CompileTask:
C2:3123230 6431   !   4       org.jboss.netty.channel.socket.nio.AbstractNioWorker::process (117 bytes)


---------------  P R O C E S S  ---------------

Java Threads: ( => current thread )
  0x000000001d521800 JavaThread "DubboResponseTimeoutScanTimer" daemon [_thread_blocked, id=264, stack(0x0000000029ab0000,0x0000000029bb0000)]
  0x000000001d51f800 JavaThread "DubboServerHandler-192.168.137.1:20889-thread-3" daemon [_thread_blocked, id=10628, stack(0x00000000299b0000,0x0000000029ab0000)]
  0x000000001d51b000 JavaThread "DubboServerHandler-192.168.137.1:20889-thread-2" daemon [_thread_blocked, id=9016, stack(0x00000000297b0000,0x00000000298b0000)]
  0x000000001d51f000 JavaThread "DubboServerHandler-192.168.137.1:20889-thread-1" daemon [_thread_blocked, id=14816, stack(0x00000000296b0000,0x00000000297b0000)]
  0x000000001c538000 JavaThread "http-bio-9009-AsyncTimeout" daemon [_thread_blocked, id=1840, stack(0x00000000293b0000,0x00000000294b0000)]
  0x000000001c537800 JavaThread "http-bio-9009-Acceptor-0" daemon [_thread_in_native, id=8632, stack(0x00000000292b0000,0x00000000293b0000)]
  0x000000001c536800 JavaThread "ContainerBackgroundProcessor[StandardEngine[Tomcat]]" daemon [_thread_blocked, id=6364, stack(0x00000000291b0000,0x00000000292b0000)]
  0x000000001c539000 JavaThread "DubboSaveRegistryCache-thread-1" daemon [_thread_blocked, id=11012, stack(0x00000000290b0000,0x00000000291b0000)]
  0x000000001c535000 JavaThread "localhost-startStop-1-EventThread" daemon [_thread_blocked, id=10880, stack(0x0000000028eb0000,0x0000000028fb0000)]
  0x000000001c533800 JavaThread "localhost-startStop-1-SendThread(192.168.25.128:2181)" daemon [_thread_in_native, id=13012, stack(0x0000000028db0000,0x0000000028eb0000)]
  0x000000001c532000 JavaThread "ZkClient-EventThread-26-192.168.25.128:2181" daemon [_thread_blocked, id=9460, stack(0x0000000028cb0000,0x0000000028db0000)]
  0x000000001c536000 JavaThread "DubboRegistryFailedRetryTimer-thread-1" daemon [_thread_blocked, id=11792, stack(0x0000000028bb0000,0x0000000028cb0000)]
  0x000000001c533000 JavaThread "dubbo-remoting-server-heartbeat-thread-1" daemon [_thread_blocked, id=11564, stack(0x0000000028ab0000,0x0000000028bb0000)]
  0x000000001e1a7800 JavaThread "New I/O server boss #6" daemon [_thread_in_native, id=2188, stack(0x00000000289b0000,0x0000000028ab0000)]
  0x000000001e1a7000 JavaThread "New I/O worker #5" daemon [_thread_in_native, id=13060, stack(0x00000000288b0000,0x00000000289b0000)]
  0x000000001eafe800 JavaThread "New I/O worker #4" daemon [_thread_in_native, id=7872, stack(0x00000000287b0000,0x00000000288b0000)]
  0x000000001eafd800 JavaThread "New I/O worker #3" daemon [_thread_in_native, id=7056, stack(0x00000000286b0000,0x00000000287b0000)]
  0x000000001eafc000 JavaThread "New I/O worker #2" daemon [_thread_in_native, id=1964, stack(0x00000000285b0000,0x00000000286b0000)]
  0x0000000023a80000 JavaThread "New I/O worker #1" daemon [_thread_in_native, id=9732, stack(0x00000000284b0000,0x00000000285b0000)]
  0x0000000021c31800 JavaThread "commons-pool-EvictionTimer" daemon [_thread_blocked, id=7040, stack(0x0000000027fb0000,0x00000000280b0000)]
  0x0000000020f4f000 JavaThread "Thread-2" daemon [_thread_in_native, id=8016, stack(0x00000000206d0000,0x00000000207d0000)]
  0x000000001b2db800 JavaThread "Service Thread" daemon [_thread_blocked, id=12928, stack(0x000000001bb60000,0x000000001bc60000)]
  0x0000000019f13800 JavaThread "C1 CompilerThread2" daemon [_thread_blocked, id=11924, stack(0x000000001ba60000,0x000000001bb60000)]
=>0x0000000019f10000 JavaThread "C2 CompilerThread1" daemon [_thread_in_native, id=6164, stack(0x000000001b960000,0x000000001ba60000)]
  0x0000000019f5d000 JavaThread "C2 CompilerThread0" daemon [_thread_blocked, id=1104, stack(0x000000001b860000,0x000000001b960000)]
  0x0000000019ef8000 JavaThread "Attach Listener" daemon [_thread_blocked, id=9096, stack(0x000000001b760000,0x000000001b860000)]
  0x000000001b270800 JavaThread "Signal Dispatcher" daemon [_thread_blocked, id=13084, stack(0x000000001b660000,0x000000001b760000)]
  0x0000000019eea800 JavaThread "Finalizer" daemon [_thread_blocked, id=12760, stack(0x000000001b160000,0x000000001b260000)]
  0x0000000002e60800 JavaThread "Reference Handler" daemon [_thread_blocked, id=1780, stack(0x000000001b060000,0x000000001b160000)]
  0x0000000002d71000 JavaThread "main" [_thread_blocked, id=4736, stack(0x0000000002840000,0x0000000002940000)]

Other Threads:
  0x0000000019ec8800 VMThread [stack: 0x000000001af60000,0x000000001b060000] [id=11048]
  0x000000001b326000 WatcherThread [stack: 0x000000001bc60000,0x000000001bd60000] [id=6128]

VM state:not at safepoint (normal execution)

VM Mutex/Monitor currently owned by a thread: None

Heap:
 PSYoungGen      total 361984K, used 270733K [0x0000000780900000, 0x00000007a2000000, 0x00000007c0000000)
  eden space 317952K, 85% used [0x0000000780900000,0x0000000791163590,0x0000000793f80000)
  from space 44032K, 0% used [0x0000000793f80000,0x0000000793f80000,0x0000000796a80000)
  to   space 45056K, 0% used [0x000000079f400000,0x000000079f400000,0x00000007a2000000)
 ParOldGen       total 137728K, used 28945K [0x0000000701a00000, 0x000000070a080000, 0x0000000780900000)
  object space 137728K, 21% used [0x0000000701a00000,0x0000000703644590,0x000000070a080000)
 Metaspace       used 41632K, capacity 42364K, committed 42880K, reserved 1087488K
  class space    used 4905K, capacity 5148K, committed 5248K, reserved 1048576K

Card table byte_map: [0x0000000012230000,0x0000000012830000] byte_map_base: 0x000000000ea23000

Marking Bits: (ParMarkBitMap*) 0x000000007684c720
 Begin Bits: [0x0000000013030000, 0x0000000015fc8000)
 End Bits:   [0x0000000015fc8000, 0x0000000018f60000)

Polling page: 0x0000000000a80000

CodeCache: size=245760Kb used=16842Kb max_used=16877Kb free=228917Kb
 bounds [0x0000000002e70000, 0x0000000003f20000, 0x0000000011e70000]
 total_blobs=6101 nmethods=5622 adapters=390
 compilation: enabled

Compilation events (10 events):
Event: 3039.618 Thread 0x0000000019f13800 nmethod 6426 0x000000000312bb10 code [0x000000000312bca0, 0x000000000312bf98]
Event: 3074.364 Thread 0x0000000019f5d000 6427       4       java.util.concurrent.locks.AbstractQueuedSynchronizer::release (33 bytes)
Event: 3074.370 Thread 0x0000000019f5d000 nmethod 6427 0x000000000307ac10 code [0x000000000307ad60, 0x000000000307ae88]
Event: 3099.619 Thread 0x0000000019f13800 6428   !   3       sun.nio.ch.WindowsSelectorImpl::putEventOps (65 bytes)
Event: 3099.621 Thread 0x0000000019f13800 nmethod 6428 0x0000000003286290 code [0x0000000003286460, 0x0000000003286af8]
Event: 3099.850 Thread 0x0000000019f13800 6429   !   3       org.apache.catalina.loader.WebappLoader::backgroundProcess (125 bytes)
Event: 3099.879 Thread 0x0000000019f13800 nmethod 6429 0x0000000003a4be50 code [0x0000000003a4c2c0, 0x0000000003a4f4a8]
Event: 3109.611 Thread 0x0000000019f5d000 6430   !   4       org.jboss.netty.channel.socket.nio.AbstractNioSelector::processTaskQueue (39 bytes)
Event: 3109.646 Thread 0x0000000019f5d000 nmethod 6430 0x0000000003ba0b90 code [0x0000000003ba0da0, 0x0000000003ba1348]
Event: 3123.126 Thread 0x0000000019f10000 6431   !   4       org.jboss.netty.channel.socket.nio.AbstractNioWorker::process (117 bytes)

GC Heap History (10 events):
Event: 5.905 GC heap before
{Heap before GC invocations=9 (full 1):
 PSYoungGen      total 207360K, used 207346K [0x0000000780900000, 0x0000000791c00000, 0x00000007c0000000)
  eden space 191488K, 100% used [0x0000000780900000,0x000000078c400000,0x000000078c400000)
  from space 15872K, 99% used [0x000000078c400000,0x000000078d37cb78,0x000000078d380000)
  to   space 23040K, 0% used [0x0000000790580000,0x0000000790580000,0x0000000791c00000)
 ParOldGen       total 92672K, used 27919K [0x0000000701a00000, 0x0000000707480000, 0x0000000780900000)
  object space 92672K, 30% used [0x0000000701a00000,0x0000000703543f30,0x0000000707480000)
 Metaspace       used 23544K, capacity 24088K, committed 24192K, reserved 1071104K
  class space    used 2757K, capacity 2935K, committed 2944K, reserved 1048576K
Event: 5.947 GC heap after
Heap after GC invocations=9 (full 1):
 PSYoungGen      total 249856K, used 23018K [0x0000000780900000, 0x0000000797a00000, 0x00000007c0000000)
  eden space 226816K, 0% used [0x0000000780900000,0x0000000780900000,0x000000078e680000)
  from space 23040K, 99% used [0x0000000790580000,0x0000000791bfa958,0x0000000791c00000)
  to   space 31744K, 0% used [0x000000078e680000,0x000000078e680000,0x0000000790580000)
 ParOldGen       total 92672K, used 40652K [0x0000000701a00000, 0x0000000707480000, 0x0000000780900000)
  object space 92672K, 43% used [0x0000000701a00000,0x00000007041b3348,0x0000000707480000)
 Metaspace       used 23544K, capacity 24088K, committed 24192K, reserved 1071104K
  class space    used 2757K, capacity 2935K, committed 2944K, reserved 1048576K
}
Event: 6.634 GC heap before
{Heap before GC invocations=10 (full 1):
 PSYoungGen      total 249856K, used 249834K [0x0000000780900000, 0x0000000797a00000, 0x00000007c0000000)
  eden space 226816K, 100% used [0x0000000780900000,0x000000078e680000,0x000000078e680000)
  from space 23040K, 99% used [0x0000000790580000,0x0000000791bfa958,0x0000000791c00000)
  to   space 31744K, 0% used [0x000000078e680000,0x000000078e680000,0x0000000790580000)
 ParOldGen       total 92672K, used 40652K [0x0000000701a00000, 0x0000000707480000, 0x0000000780900000)
  object space 92672K, 43% used [0x0000000701a00000,0x00000007041b3348,0x0000000707480000)
 Metaspace       used 23556K, capacity 24098K, committed 24192K, reserved 1071104K
  class space    used 2759K, capacity 2937K, committed 2944K, reserved 1048576K
Event: 6.691 GC heap after
Heap after GC invocations=10 (full 1):
 PSYoungGen      total 258560K, used 31742K [0x0000000780900000, 0x0000000799600000, 0x00000007c0000000)
  eden space 226816K, 0% used [0x0000000780900000,0x0000000780900000,0x000000078e680000)
  from space 31744K, 99% used [0x000000078e680000,0x000000079057fa10,0x0000000790580000)
  to   space 42496K, 0% used [0x0000000796c80000,0x0000000796c80000,0x0000000799600000)
 ParOldGen       total 92672K, used 54997K [0x0000000701a00000, 0x0000000707480000, 0x0000000780900000)
  object space 92672K, 59% used [0x0000000701a00000,0x0000000704fb5418,0x0000000707480000)
 Metaspace       used 23556K, capacity 24098K, committed 24192K, reserved 1071104K
  class space    used 2759K, capacity 2937K, committed 2944K, reserved 1048576K
}
Event: 8.290 GC heap before
{Heap before GC invocations=11 (full 1):
 PSYoungGen      total 258560K, used 258558K [0x0000000780900000, 0x0000000799600000, 0x00000007c0000000)
  eden space 226816K, 100% used [0x0000000780900000,0x000000078e680000,0x000000078e680000)
  from space 31744K, 99% used [0x000000078e680000,0x000000079057fa10,0x0000000790580000)
  to   space 42496K, 0% used [0x0000000796c80000,0x0000000796c80000,0x0000000799600000)
 ParOldGen       total 92672K, used 54997K [0x0000000701a00000, 0x0000000707480000, 0x0000000780900000)
  object space 92672K, 59% used [0x0000000701a00000,0x0000000704fb5418,0x0000000707480000)
 Metaspace       used 32371K, capacity 33016K, committed 33280K, reserved 1079296K
  class space    used 3805K, capacity 4010K, committed 4096K, reserved 1048576K
Event: 8.333 GC heap after
Heap after GC invocations=11 (full 1):
 PSYoungGen      total 359936K, used 30505K [0x0000000780900000, 0x0000000799580000, 0x00000007c0000000)
  eden space 317952K, 0% used [0x0000000780900000,0x0000000780900000,0x0000000793f80000)
  from space 41984K, 72% used [0x0000000796c80000,0x0000000798a4a688,0x0000000799580000)
  to   space 44032K, 0% used [0x0000000793f80000,0x0000000793f80000,0x0000000796a80000)
 ParOldGen       total 92672K, used 57809K [0x0000000701a00000, 0x0000000707480000, 0x0000000780900000)
  object space 92672K, 62% used [0x0000000701a00000,0x00000007052744e8,0x0000000707480000)
 Metaspace       used 32371K, capacity 33016K, committed 33280K, reserved 1079296K
  class space    used 3805K, capacity 4010K, committed 4096K, reserved 1048576K
}
Event: 8.500 GC heap before
{Heap before GC invocations=12 (full 1):
 PSYoungGen      total 359936K, used 50657K [0x0000000780900000, 0x0000000799580000, 0x00000007c0000000)
  eden space 317952K, 6% used [0x0000000780900000,0x0000000781cadf30,0x0000000793f80000)
  from space 41984K, 72% used [0x0000000796c80000,0x0000000798a4a688,0x0000000799580000)
  to   space 44032K, 0% used [0x0000000793f80000,0x0000000793f80000,0x0000000796a80000)
 ParOldGen       total 92672K, used 57809K [0x0000000701a00000, 0x0000000707480000, 0x0000000780900000)
  object space 92672K, 62% used [0x0000000701a00000,0x00000007052744e8,0x0000000707480000)
 Metaspace       used 34606K, capacity 35256K, committed 35496K, reserved 1081344K
  class space    used 4111K, capacity 4330K, committed 4352K, reserved 1048576K
Event: 8.519 GC heap after
Heap after GC invocations=12 (full 1):
 PSYoungGen      total 361984K, used 1549K [0x0000000780900000, 0x00000007a2000000, 0x00000007c0000000)
  eden space 317952K, 0% used [0x0000000780900000,0x0000000780900000,0x0000000793f80000)
  from space 44032K, 3% used [0x0000000793f80000,0x0000000794103418,0x0000000796a80000)
  to   space 45056K, 0% used [0x000000079f400000,0x000000079f400000,0x00000007a2000000)
 ParOldGen       total 92672K, used 66486K [0x0000000701a00000, 0x0000000707480000, 0x0000000780900000)
  object space 92672K, 71% used [0x0000000701a00000,0x0000000705aeda10,0x0000000707480000)
 Metaspace       used 34606K, capacity 35256K, committed 35496K, reserved 1081344K
  class space    used 4111K, capacity 4330K, committed 4352K, reserved 1048576K
}
Event: 8.519 GC heap before
{Heap before GC invocations=13 (full 2):
 PSYoungGen      total 361984K, used 1549K [0x0000000780900000, 0x00000007a2000000, 0x00000007c0000000)
  eden space 317952K, 0% used [0x0000000780900000,0x0000000780900000,0x0000000793f80000)
  from space 44032K, 3% used [0x0000000793f80000,0x0000000794103418,0x0000000796a80000)
  to   space 45056K, 0% used [0x000000079f400000,0x000000079f400000,0x00000007a2000000)
 ParOldGen       total 92672K, used 66486K [0x0000000701a00000, 0x0000000707480000, 0x0000000780900000)
  object space 92672K, 71% used [0x0000000701a00000,0x0000000705aeda10,0x0000000707480000)
 Metaspace       used 34606K, capacity 35256K, committed 35496K, reserved 1081344K
  class space    used 4111K, capacity 4330K, committed 4352K, reserved 1048576K
Event: 8.623 GC heap after
Heap after GC invocations=13 (full 2):
 PSYoungGen      total 361984K, used 0K [0x0000000780900000, 0x00000007a2000000, 0x00000007c0000000)
  eden space 317952K, 0% used [0x0000000780900000,0x0000000780900000,0x0000000793f80000)
  from space 44032K, 0% used [0x0000000793f80000,0x0000000793f80000,0x0000000796a80000)
  to   space 45056K, 0% used [0x000000079f400000,0x000000079f400000,0x00000007a2000000)
 ParOldGen       total 137728K, used 28945K [0x0000000701a00000, 0x000000070a080000, 0x0000000780900000)
  object space 137728K, 21% used [0x0000000701a00000,0x0000000703644590,0x000000070a080000)
 Metaspace       used 34606K, capacity 35256K, committed 35496K, reserved 1081344K
  class space    used 4111K, capacity 4330K, committed 4352K, reserved 1048576K
}

Deoptimization events (10 events):
Event: 999.670 Thread 0x000000001c536800 Uncommon trap: reason=array_check action=maybe_recompile pc=0x0000000003981374 method=java.util.AbstractCollection.toArray([Ljava/lang/Object;)[Ljava/lang/Object; @ 119
Event: 2526.985 Thread 0x000000001e1a7800 Uncommon trap: reason=class_check action=maybe_recompile pc=0x0000000003e74474 method=sun.nio.ch.WindowsSelectorImpl$SubSelector.processFDSet(J[IIZ)I @ 259
Event: 2527.905 Thread 0x000000001e1a7800 Uncommon trap: reason=unstable_if action=reinterpret pc=0x0000000003ab7a30 method=sun.nio.ch.SelectorImpl.select(J)I @ 20
Event: 2527.905 Thread 0x0000000023a80000 Uncommon trap: reason=unstable_if action=reinterpret pc=0x0000000003ab7e2c method=org.jboss.netty.channel.socket.nio.AbstractNioSelector.processTaskQueue()V @ 14
Event: 2527.924 Thread 0x0000000023a80000 Uncommon trap: reason=unstable_if action=reinterpret pc=0x0000000003712f30 method=org.jboss.netty.channel.socket.nio.AbstractNioWorker.process(Ljava/nio/channels/Selector;)V @ 11
Event: 2528.002 Thread 0x0000000023a80000 Uncommon trap: reason=unstable_if action=reinterpret pc=0x0000000003c27c30 method=java.util.LinkedHashMap.afterNodeRemoval(Ljava/util/HashMap$Node;)V @ 27
Event: 2529.397 Thread 0x000000001d51b000 Uncommon trap: reason=class_check action=maybe_recompile pc=0x0000000003d65c8c method=java.lang.Throwable.<init>(Ljava/lang/String;Ljava/lang/Throwable;)V @ 24
Event: 2529.399 Thread 0x000000001d51b000 Uncommon trap: reason=class_check action=maybe_recompile pc=0x0000000003d65c8c method=java.lang.Throwable.<init>(Ljava/lang/String;Ljava/lang/Throwable;)V @ 24
Event: 2530.704 Thread 0x000000001d51f800 Uncommon trap: reason=class_check action=maybe_recompile pc=0x0000000003d65c8c method=java.lang.Throwable.<init>(Ljava/lang/String;Ljava/lang/Throwable;)V @ 24
Event: 2530.704 Thread 0x000000001d51f800 Uncommon trap: reason=class_check action=maybe_recompile pc=0x0000000003d65c8c method=java.lang.Throwable.<init>(Ljava/lang/String;Ljava/lang/Throwable;)V @ 24

Internal exceptions (10 events):
Event: 2530.704 Thread 0x000000001d51f800 Exception <a 'java/net/ConnectException': Connection refused: connect> (0x0000000790d3f6f8) thrown at [C:\re\workspace\8-2-build-windows-amd64-cygwin\jdk8u131\8869\hotspot\src\share\vm\prims\jni.cpp, line 735]
Event: 2590.315 Thread 0x0000000023a80000 Exception <a 'java/lang/NullPointerException'> (0x000000079080efa8) thrown at [C:\re\workspace\8-2-build-windows-amd64-cygwin\jdk8u131\8869\hotspot\src\share\vm\interpreter\linkResolver.cpp, line 1197]
Event: 2650.323 Thread 0x0000000023a80000 Exception <a 'java/lang/NullPointerException'> (0x000000079080fc18) thrown at [C:\re\workspace\8-2-build-windows-amd64-cygwin\jdk8u131\8869\hotspot\src\share\vm\interpreter\linkResolver.cpp, line 1197]
Event: 2710.330 Thread 0x0000000023a80000 Exception <a 'java/lang/NullPointerException'> (0x0000000790810810) thrown at [C:\re\workspace\8-2-build-windows-amd64-cygwin\jdk8u131\8869\hotspot\src\share\vm\interpreter\linkResolver.cpp, line 1197]
Event: 2770.330 Thread 0x0000000023a80000 Exception <a 'java/lang/NullPointerException'> (0x0000000790811408) thrown at [C:\re\workspace\8-2-build-windows-amd64-cygwin\jdk8u131\8869\hotspot\src\share\vm\interpreter\linkResolver.cpp, line 1197]
Event: 2830.331 Thread 0x0000000023a80000 Exception <a 'java/lang/NullPointerException'> (0x0000000790812000) thrown at [C:\re\workspace\8-2-build-windows-amd64-cygwin\jdk8u131\8869\hotspot\src\share\vm\interpreter\linkResolver.cpp, line 1197]
Event: 2890.333 Thread 0x0000000023a80000 Exception <a 'java/lang/NullPointerException'> (0x0000000790812bf8) thrown at [C:\re\workspace\8-2-build-windows-amd64-cygwin\jdk8u131\8869\hotspot\src\share\vm\interpreter\linkResolver.cpp, line 1197]
Event: 2950.335 Thread 0x0000000023a80000 Exception <a 'java/lang/NullPointerException'> (0x00000007908137f0) thrown at [C:\re\workspace\8-2-build-windows-amd64-cygwin\jdk8u131\8869\hotspot\src\share\vm\interpreter\linkResolver.cpp, line 1197]
Event: 3010.337 Thread 0x0000000023a80000 Exception <a 'java/lang/NullPointerException'> (0x00000007908143e8) thrown at [C:\re\workspace\8-2-build-windows-amd64-cygwin\jdk8u131\8869\hotspot\src\share\vm\interpreter\linkResolver.cpp, line 1197]
Event: 3070.340 Thread 0x0000000023a80000 Exception <a 'java/lang/NullPointerException'> (0x0000000790814fe0) thrown at [C:\re\workspace\8-2-build-windows-amd64-cygwin\jdk8u131\8869\hotspot\src\share\vm\interpreter\linkResolver.cpp, line 1197]

Events (10 events):
Event: 2979.619 Thread 0x0000000019f13800 flushing nmethod 0x0000000002fdf5d0
Event: 2979.620 Thread 0x0000000019f13800 flushing nmethod 0x000000000307ac10
Event: 2979.644 Thread 0x0000000019f13800 flushing nmethod 0x000000000311b690
Event: 2979.645 Thread 0x0000000019f13800 flushing nmethod 0x000000000312ae50
Event: 3010.336 Executing VM operation: RevokeBias
Event: 3010.337 Executing VM operation: RevokeBias done
Event: 3039.618 Thread 0x0000000019f13800 flushing nmethod 0x00000000031d3e10
Event: 3070.339 Executing VM operation: RevokeBias
Event: 3070.339 Executing VM operation: RevokeBias done
Event: 3074.370 Thread 0x0000000019f5d000 flushing nmethod 0x00000000032ad290


Dynamic libraries:
0x00007ff6b4ea0000 - 0x00007ff6b4ed7000 	C:\Program Files\Java\jdk1.8.0_131\bin\javaw.exe
0x00007fffac860000 - 0x00007fffaca4d000 	C:\WINDOWS\SYSTEM32\ntdll.dll
0x00007fffac4d0000 - 0x00007fffac583000 	C:\WINDOWS\System32\KERNEL32.DLL
0x00007fffa96b0000 - 0x00007fffa9943000 	C:\WINDOWS\System32\KERNELBASE.dll
0x00007fffab030000 - 0x00007fffab0d3000 	C:\WINDOWS\System32\ADVAPI32.dll
0x00007fffac660000 - 0x00007fffac6fe000 	C:\WINDOWS\System32\msvcrt.dll
0x00007fffac700000 - 0x00007fffac79e000 	C:\WINDOWS\System32\sechost.dll
0x00007fffab260000 - 0x00007fffab382000 	C:\WINDOWS\System32\RPCRT4.dll
0x00007fffabbb0000 - 0x00007fffabd47000 	C:\WINDOWS\System32\USER32.dll
0x00007fffa9080000 - 0x00007fffa90a0000 	C:\WINDOWS\System32\win32u.dll
0x00007fffab390000 - 0x00007fffab3b9000 	C:\WINDOWS\System32\GDI32.dll
0x00007fffa9310000 - 0x00007fffa94aa000 	C:\WINDOWS\System32\gdi32full.dll
0x00007fffa9270000 - 0x00007fffa9310000 	C:\WINDOWS\System32\msvcp_win.dll
0x00007fffa9170000 - 0x00007fffa926a000 	C:\WINDOWS\System32\ucrtbase.dll
0x00007fff96060000 - 0x00007fff962d9000 	C:\WINDOWS\WinSxS\amd64_microsoft.windows.common-controls_6595b64144ccf1df_6.0.17763.437_none_05b63dca071e5dd6\COMCTL32.dll
0x00007fffab5e0000 - 0x00007fffab90c000 	C:\WINDOWS\System32\combase.dll
0x00007fffa90f0000 - 0x00007fffa916e000 	C:\WINDOWS\System32\bcryptPrimitives.dll
0x00007fffab000000 - 0x00007fffab02e000 	C:\WINDOWS\System32\IMM32.DLL
0x00000000768d0000 - 0x00000000769a2000 	C:\Program Files\Java\jdk1.8.0_131\jre\bin\msvcr100.dll
0x0000000076030000 - 0x00000000768cc000 	C:\Program Files\Java\jdk1.8.0_131\jre\bin\server\jvm.dll
0x00007fffab3c0000 - 0x00007fffab3c8000 	C:\WINDOWS\System32\PSAPI.DLL
0x00007fff97a70000 - 0x00007fff97a79000 	C:\WINDOWS\SYSTEM32\WSOCK32.dll
0x00007fff91db0000 - 0x00007fff91dba000 	C:\WINDOWS\SYSTEM32\VERSION.dll
0x00007fffa64c0000 - 0x00007fffa64e4000 	C:\WINDOWS\SYSTEM32\WINMM.dll
0x00007fffab0e0000 - 0x00007fffab14d000 	C:\WINDOWS\System32\WS2_32.dll
0x00007fffa6030000 - 0x00007fffa605d000 	C:\WINDOWS\SYSTEM32\winmmbase.dll
0x00007fffa90a0000 - 0x00007fffa90ea000 	C:\WINDOWS\System32\cfgmgr32.dll
0x0000000076020000 - 0x000000007602f000 	C:\Program Files\Java\jdk1.8.0_131\jre\bin\verify.dll
0x0000000075ff0000 - 0x0000000076019000 	C:\Program Files\Java\jdk1.8.0_131\jre\bin\java.dll
0x0000000075fd0000 - 0x0000000075fe6000 	C:\Program Files\Java\jdk1.8.0_131\jre\bin\zip.dll
0x00007fffa9a90000 - 0x00007fffaaf80000 	C:\WINDOWS\System32\SHELL32.dll
0x00007fffab150000 - 0x00007fffab1f8000 	C:\WINDOWS\System32\shcore.dll
0x00007fffa8930000 - 0x00007fffa907a000 	C:\WINDOWS\System32\windows.storage.dll
0x00007fffa8880000 - 0x00007fffa88a4000 	C:\WINDOWS\System32\profapi.dll
0x00007fffa88b0000 - 0x00007fffa890d000 	C:\WINDOWS\System32\powrprof.dll
0x00007fffabb50000 - 0x00007fffabba2000 	C:\WINDOWS\System32\shlwapi.dll
0x00007fffa8860000 - 0x00007fffa8871000 	C:\WINDOWS\System32\kernel.appcore.dll
0x00007fffa94b0000 - 0x00007fffa94c7000 	C:\WINDOWS\System32\cryptsp.dll
0x0000000075fa0000 - 0x0000000075fba000 	C:\Program Files\Java\jdk1.8.0_131\jre\bin\net.dll
0x00007fffa80b0000 - 0x00007fffa8117000 	C:\WINDOWS\system32\mswsock.dll
0x0000000075f80000 - 0x0000000075f91000 	C:\Program Files\Java\jdk1.8.0_131\jre\bin\nio.dll
0x00007fffa7c70000 - 0x00007fffa7ca3000 	C:\WINDOWS\system32\rsaenh.dll
0x00007fffa99b0000 - 0x00007fffa99d6000 	C:\WINDOWS\System32\bcrypt.dll
0x00007fffa8760000 - 0x00007fffa8788000 	C:\WINDOWS\SYSTEM32\USERENV.dll
0x00007fffa8280000 - 0x00007fffa828c000 	C:\WINDOWS\SYSTEM32\CRYPTBASE.dll
0x00007fffa7e10000 - 0x00007fffa7e4d000 	C:\WINDOWS\SYSTEM32\IPHLPAPI.DLL
0x00007fffac800000 - 0x00007fffac808000 	C:\WINDOWS\System32\NSI.dll
0x00007fff9e140000 - 0x00007fff9e156000 	C:\WINDOWS\SYSTEM32\dhcpcsvc6.DLL
0x00007fff9e120000 - 0x00007fff9e13c000 	C:\WINDOWS\SYSTEM32\dhcpcsvc.DLL
0x00007fffa7e60000 - 0x00007fffa7f26000 	C:\WINDOWS\SYSTEM32\DNSAPI.dll
0x0000000075fc0000 - 0x0000000075fcd000 	C:\Program Files\Java\jdk1.8.0_131\jre\bin\management.dll
0x00007fff7b7d0000 - 0x00007fff7b7e6000 	C:\WINDOWS\system32\napinsp.dll
0x00007fff7bd60000 - 0x00007fff7bd7a000 	C:\WINDOWS\system32\pnrpnsp.dll
0x00007fff7bd80000 - 0x00007fff7bd8e000 	C:\WINDOWS\System32\winrnr.dll
0x00007fffa4ce0000 - 0x00007fffa4cfb000 	C:\WINDOWS\system32\NLAapi.dll
0x00007fff8c940000 - 0x00007fff8c955000 	C:\WINDOWS\system32\wshbth.dll
0x00007fff9ce00000 - 0x00007fff9ce0a000 	C:\Windows\System32\rasadhlp.dll
0x00007fff9ded0000 - 0x00007fff9df49000 	C:\WINDOWS\System32\fwpuclnt.dll

VM Arguments:
jvm_args: -Dmaven.home=D:\maven\apache-maven-3.3.9 -Dclassworlds.conf=C:\Users\10593\Documents\品优购\.metadata\.plugins\org.eclipse.m2e.launching\launches\m2conf3269325022681277764.tmp -Dmaven.multiModuleProjectDirectory=C:\Users\10593\Documents\品优购\pinyougou-parent\pinyougou-seckill-service -Dfile.encoding=UTF-8 
java_command: org.codehaus.plexus.classworlds.launcher.Launcher -B -gs D:\maven\apache-maven-3.3.9\conf\settings.xml -s D:\maven\apache-maven-3.3.9\conf\settings.xml tomcat7:run
java_class_path (initial): D:\maven\apache-maven-3.3.9\boot\plexus-classworlds-2.5.2.jar
Launcher Type: SUN_STANDARD

Environment Variables:
JAVA_HOME=C:\Program Files\Java\jdk1.8.0_131
CLASSPATH=.;C:\Program Files\Java\jdk1.8.0_131\lib;C:\Program Files\Java\jdk1.8.0_131\lib\dt.jar;C:\Program Files\Java\jdk1.8.0_131\lib\tools.jar
PATH=C:/Program Files (x86)/jdk/bin/server;C:/Program Files (x86)/jdk/bin;C:/Program Files (x86)/jdk/lib/amd64;C:\ProgramData\Oracle\Java\javapath;C:\WINDOWS\system32;C:\WINDOWS;C:\WINDOWS\System32\Wbem;C:\WINDOWS\System32\WindowsPowerShell\v1.0\;"C:\Program Files\Java\jdk1.8.0_131\bin;C:\Program Files\Java\jdk1.8.0_131\jre\bin";C:\Program Files (x86)\MySQL\MySQL Server 5.5\bin;D:\maven\apache-maven-3.3.9\bin;"%CATALINA_HOME%\bin;%CATALINA_HOME%\lib";";C:\Program Files\Java\jdk1.8.0_131\bin;C:\Program Files\Java\jdk1.8.0_131\jre\bin;C:\WINDOWS\System32\OpenSSH\;D:\node.js\;D:\SVN\bin;D:\SVN\svn客户端安装地\bin;;D:\Git\aaa\Git\cmd;C:\Users\10593\AppData\Local\Microsoft\WindowsApps;C:\Users\10593\AppData\Roaming\npm;D:\Cloud Studio\Microsoft VS Code\bin;D:\eclispse\eclipse;
USERNAME=10593
OS=Windows_NT
PROCESSOR_IDENTIFIER=Intel64 Family 6 Model 78 Stepping 3, GenuineIntel



---------------  S Y S T E M  ---------------

OS: Windows 10.0 , 64 bit Build 17763 (10.0.17763.437)

CPU:total 4 (initial active 4) (2 cores per cpu, 2 threads per core) family 6 model 78 stepping 3, cmov, cx8, fxsr, mmx, sse, sse2, sse3, ssse3, sse4.1, sse4.2, popcnt, avx, avx2, aes, clmul, erms, 3dnowpref, lzcnt, ht, tsc, tscinvbit, bmi1, bmi2, adx

Memory: 4k page, physical 12471300k(736652k free), swap 25332156k(8k free)

vm_info: Java HotSpot(TM) 64-Bit Server VM (25.131-b11) for windows-amd64 JRE (1.8.0_131-b11), built on Mar 15 2017 01:23:53 by "java_re" with MS VC++ 10.0 (VS2010)

time: Fri Apr 26 22:07:27 2019
elapsed time: 3123 seconds (0d 0h 52m 3s)

